# JRE version: OpenJDK Runtime Environment (8.0_76-b03) (build 1.8.0_76-release-b03)
# Java VM: OpenJDK 64-Bit Server VM (25.76-b03 mixed mode windows-amd64 compressed oops)
Heap:
 PSYoungGen      total 246272K, used 156629K [0x00000000e0000000, 0x00000000f3e00000, 0x0000000100000000)
  eden space 206848K, 56% used [0x00000000e0000000,0x00000000e727b050,0x00000000eca00000)
  from space 39424K, 99% used [0x00000000efd00000,0x00000000f237a740,0x00000000f2380000)
  to   space 52224K, 0% used [0x00000000eca00000,0x00000000eca00000,0x00000000efd00000)
 ParOldGen       total 136704K, used 81119K [0x00000000a0000000, 0x00000000a8580000, 0x00000000e0000000)
  object space 136704K, 59% used [0x00000000a0000000,0x00000000a4f37c18,0x00000000a8580000)
 Metaspace       used 76474K, capacity 79290K, committed 84528K, reserved 1122304K
  class space    used 9478K, capacity 9909K, committed 11056K, reserved 1048576K
GC Heap History (10 events):
Event: 3598.793 GC heap before
{Heap before GC invocations=46 (full 7):
 PSYoungGen      total 246272K, used 246269K [0x00000000e0000000, 0x00000000f3e00000, 0x0000000100000000)
  eden space 206848K, 100% used [0x00000000e0000000,0x00000000eca00000,0x00000000eca00000)
  from space 39424K, 99% used [0x00000000efd00000,0x00000000f237f7a0,0x00000000f2380000)
  to   space 52224K, 0% used [0x00000000eca00000,0x00000000eca00000,0x00000000efd00000)
 ParOldGen       total 131584K, used 108172K [0x00000000a0000000, 0x00000000a8080000, 0x00000000e0000000)
  object space 131584K, 82% used [0x00000000a0000000,0x00000000a69a3228,0x00000000a8080000)
 Metaspace       used 79965K, capacity 84136K, committed 84272K, reserved 1122304K
  class space    used 10162K, capacity 10966K, committed 11056K, reserved 1048576K
Event: 3598.995 GC heap after
Heap after GC invocations=46 (full 7):
 PSYoungGen      total 259072K, used 52210K [0x00000000e0000000, 0x00000000f3e00000, 0x0000000100000000)
  eden space 206848K, 0% used [0x00000000e0000000,0x00000000e0000000,0x00000000eca00000)
  from space 52224K, 99% used [0x00000000eca00000,0x00000000efcfc828,0x00000000efd00000)
  to   space 39424K, 0% used [0x00000000efd00000,0x00000000efd00000,0x00000000f2380000)
 ParOldGen       total 131584K, used 111067K [0x00000000a0000000, 0x00000000a8080000, 0x00000000e0000000)
  object space 131584K, 84% used [0x00000000a0000000,0x00000000a6c76ca8,0x00000000a8080000)
 Metaspace       used 79965K, capacity 84136K, committed 84272K, reserved 1122304K
  class space    used 10162K, capacity 10966K, committed 11056K, reserved 1048576K
}
Event: 3601.696 GC heap before
{Heap before GC invocations=47 (full 7):
 PSYoungGen      total 259072K, used 259058K [0x00000000e0000000, 0x00000000f3e00000, 0x0000000100000000)
  eden space 206848K, 100% used [0x00000000e0000000,0x00000000eca00000,0x00000000eca00000)
  from space 52224K, 99% used [0x00000000eca00000,0x00000000efcfc828,0x00000000efd00000)
  to   space 39424K, 0% used [0x00000000efd00000,0x00000000efd00000,0x00000000f2380000)
 ParOldGen       total 131584K, used 111067K [0x00000000a0000000, 0x00000000a8080000, 0x00000000e0000000)
  object space 131584K, 84% used [0x00000000a0000000,0x00000000a6c76ca8,0x00000000a8080000)
 Metaspace       used 79999K, capacity 84200K, committed 84528K, reserved 1122304K
  class space    used 10163K, capacity 10966K, committed 11056K, reserved 1048576K
Event: 3601.959 GC heap after
Heap after GC invocations=47 (full 7):
 PSYoungGen      total 246272K, used 39420K [0x00000000e0000000, 0x00000000f3e00000, 0x0000000100000000)
  eden space 206848K, 0% used [0x00000000e0000000,0x00000000e0000000,0x00000000eca00000)
  from space 39424K, 99% used [0x00000000efd00000,0x00000000f237f210,0x00000000f2380000)
  to   space 52224K, 0% used [0x00000000eca00000,0x00000000eca00000,0x00000000efd00000)
 ParOldGen       total 136704K, used 136161K [0x00000000a0000000, 0x00000000a8580000, 0x00000000e0000000)
  object space 136704K, 99% used [0x00000000a0000000,0x00000000a84f84e8,0x00000000a8580000)
 Metaspace       used 79999K, capacity 84200K, committed 84528K, reserved 1122304K
  class space    used 10163K, capacity 10966K, committed 11056K, reserved 1048576K
}
Event: 3601.959 GC heap before
{Heap before GC invocations=48 (full 8):
 PSYoungGen      total 246272K, used 39420K [0x00000000e0000000, 0x00000000f3e00000, 0x0000000100000000)
  eden space 206848K, 0% used [0x00000000e0000000,0x00000000e0000000,0x00000000eca00000)
  from space 39424K, 99% used [0x00000000efd00000,0x00000000f237f210,0x00000000f2380000)
  to   space 52224K, 0% used [0x00000000eca00000,0x00000000eca00000,0x00000000efd00000)
 ParOldGen       total 136704K, used 136161K [0x00000000a0000000, 0x00000000a8580000, 0x00000000e0000000)
  object space 136704K, 99% used [0x00000000a0000000,0x00000000a84f84e8,0x00000000a8580000)
 Metaspace       used 79999K, capacity 84200K, committed 84528K, reserved 1122304K
  class space    used 10163K, capacity 10966K, committed 11056K, reserved 1048576K
Event: 3606.392 GC heap after
Heap after GC invocations=48 (full 8):
 PSYoungGen      total 246272K, used 0K [0x00000000e0000000, 0x00000000f3e00000, 0x0000000100000000)
  eden space 206848K, 0% used [0x00000000e0000000,0x00000000e0000000,0x00000000eca00000)
  from space 39424K, 0% used [0x00000000efd00000,0x00000000efd00000,0x00000000f2380000)
  to   space 52224K, 0% used [0x00000000eca00000,0x00000000eca00000,0x00000000efd00000)
 ParOldGen       total 136704K, used 78301K [0x00000000a0000000, 0x00000000a8580000, 0x00000000e0000000)
  object space 136704K, 57% used [0x00000000a0000000,0x00000000a4c777c0,0x00000000a8580000)
 Metaspace       used 76445K, capacity 79290K, committed 84528K, reserved 1122304K
  class space    used 9477K, capacity 9909K, committed 11056K, reserved 1048576K
}
Event: 3607.591 GC heap before
{Heap before GC invocations=49 (full 8):
 PSYoungGen      total 246272K, used 206848K [0x00000000e0000000, 0x00000000f3e00000, 0x0000000100000000)
  eden space 206848K, 100% used [0x00000000e0000000,0x00000000eca00000,0x00000000eca00000)
  from space 39424K, 0% used [0x00000000efd00000,0x00000000efd00000,0x00000000f2380000)
  to   space 52224K, 0% used [0x00000000eca00000,0x00000000eca00000,0x00000000efd00000)
 ParOldGen       total 136704K, used 78301K [0x00000000a0000000, 0x00000000a8580000, 0x00000000e0000000)
  object space 136704K, 57% used [0x00000000a0000000,0x00000000a4c777c0,0x00000000a8580000)
 Metaspace       used 76462K, capacity 79290K, committed 84528K, reserved 1122304K
  class space    used 9478K, capacity 9909K, committed 11056K, reserved 1048576K
Event: 3607.683 GC heap after
Heap after GC invocations=49 (full 8):
 PSYoungGen      total 259072K, used 29448K [0x00000000e0000000, 0x00000000f3e00000, 0x0000000100000000)
  eden space 206848K, 0% used [0x00000000e0000000,0x00000000e0000000,0x00000000eca00000)
  from space 52224K, 56% used [0x00000000eca00000,0x00000000ee6c2208,0x00000000efd00000)
  to   space 39424K, 0% used [0x00000000efd00000,0x00000000efd00000,0x00000000f2380000)
 ParOldGen       total 136704K, used 78301K [0x00000000a0000000, 0x00000000a8580000, 0x00000000e0000000)
  object space 136704K, 57% used [0x00000000a0000000,0x00000000a4c777c0,0x00000000a8580000)
 Metaspace       used 76462K, capacity 79290K, committed 84528K, reserved 1122304K
  class space    used 9478K, capacity 9909K, committed 11056K, reserved 1048576K
}
Event: 3609.091 GC heap before
{Heap before GC invocations=50 (full 8):
 PSYoungGen      total 259072K, used 236296K [0x00000000e0000000, 0x00000000f3e00000, 0x0000000100000000)
  eden space 206848K, 100% used [0x00000000e0000000,0x00000000eca00000,0x00000000eca00000)
  from space 52224K, 56% used [0x00000000eca00000,0x00000000ee6c2208,0x00000000efd00000)
  to   space 39424K, 0% used [0x00000000efd00000,0x00000000efd00000,0x00000000f2380000)
 ParOldGen       total 136704K, used 78301K [0x00000000a0000000, 0x00000000a8580000, 0x00000000e0000000)
  object space 136704K, 57% used [0x00000000a0000000,0x00000000a4c777c0,0x00000000a8580000)
 Metaspace       used 76469K, capacity 79290K, committed 84528K, reserved 1122304K
  class space    used 9478K, capacity 9909K, committed 11056K, reserved 1048576K
Event: 3609.191 GC heap after
Heap after GC invocations=50 (full 8):
 PSYoungGen      total 246272K, used 39401K [0x00000000e0000000, 0x00000000f3e00000, 0x0000000100000000)
  eden space 206848K, 0% used [0x00000000e0000000,0x00000000e0000000,0x00000000eca00000)
  from space 39424K, 99% used [0x00000000efd00000,0x00000000f237a740,0x00000000f2380000)
  to   space 52224K, 0% used [0x00000000eca00000,0x00000000eca00000,0x00000000efd00000)
 ParOldGen       total 136704K, used 81119K [0x00000000a0000000, 0x00000000a8580000, 0x00000000e0000000)
  object space 136704K, 59% used [0x00000000a0000000,0x00000000a4f37c18,0x00000000a8580000)
 Metaspace       used 76469K, capacity 79290K, committed 84528K, reserved 1122304K
  class space    used 9478K, capacity 9909K, committed 11056K, reserved 1048576K
}

