# JRE version: OpenJDK Runtime Environment (8.0_76-b03) (build 1.8.0_76-release-b03)
# Java VM: OpenJDK 64-Bit Server VM (25.76-b03 mixed mode windows-amd64 compressed oops)
Heap:
 PSYoungGen      total 330752K, used 213829K [0x00000000e0000000, 0x00000000f9580000, 0x0000000100000000)
  eden space 264704K, 80% used [0x00000000e0000000,0x00000000ed0d1740,0x00000000f0280000)
  from space 66048K, 0% used [0x00000000f4780000,0x00000000f4780000,0x00000000f8800000)
  to   space 70656K, 0% used [0x00000000f0280000,0x00000000f0280000,0x00000000f4780000)
 ParOldGen       total 116224K, used 80453K [0x00000000a0000000, 0x00000000a7180000, 0x00000000e0000000)
  object space 116224K, 69% used [0x00000000a0000000,0x00000000a4e91758,0x00000000a7180000)
 Metaspace       used 63894K, capacity 65676K, committed 65960K, reserved 1105920K
  class space    used 8118K, capacity 8494K, committed 8624K, reserved 1048576K
GC Heap History (10 events):
Event: 90.205 GC heap before
{Heap before GC invocations=22 (full 3):
 PSYoungGen      total 210432K, used 200084K [0x00000000e0000000, 0x00000000eec80000, 0x0000000100000000)
  eden space 182272K, 100% used [0x00000000e0000000,0x00000000eb200000,0x00000000eb200000)
  from space 28160K, 63% used [0x00000000ece00000,0x00000000edf653d8,0x00000000ee980000)
  to   space 28672K, 0% used [0x00000000eb200000,0x00000000eb200000,0x00000000ece00000)
 ParOldGen       total 116224K, used 47182K [0x00000000a0000000, 0x00000000a7180000, 0x00000000e0000000)
  object space 116224K, 40% used [0x00000000a0000000,0x00000000a2e13be0,0x00000000a7180000)
 Metaspace       used 63684K, capacity 65458K, committed 65704K, reserved 1105920K
  class space    used 8119K, capacity 8501K, committed 8624K, reserved 1048576K
Event: 90.305 GC heap after
Heap after GC invocations=22 (full 3):
 PSYoungGen      total 210944K, used 28663K [0x00000000e0000000, 0x00000000f2280000, 0x0000000100000000)
  eden space 182272K, 0% used [0x00000000e0000000,0x00000000e0000000,0x00000000eb200000)
  from space 28672K, 99% used [0x00000000eb200000,0x00000000ecdfdee0,0x00000000ece00000)
  to   space 37888K, 0% used [0x00000000efd80000,0x00000000efd80000,0x00000000f2280000)
 ParOldGen       total 116224K, used 58977K [0x00000000a0000000, 0x00000000a7180000, 0x00000000e0000000)
  object space 116224K, 50% used [0x00000000a0000000,0x00000000a3998788,0x00000000a7180000)
 Metaspace       used 63684K, capacity 65458K, committed 65704K, reserved 1105920K
  class space    used 8119K, capacity 8501K, committed 8624K, reserved 1048576K
}
Event: 92.138 GC heap before
{Heap before GC invocations=23 (full 3):
 PSYoungGen      total 210944K, used 210935K [0x00000000e0000000, 0x00000000f2280000, 0x0000000100000000)
  eden space 182272K, 100% used [0x00000000e0000000,0x00000000eb200000,0x00000000eb200000)
  from space 28672K, 99% used [0x00000000eb200000,0x00000000ecdfdee0,0x00000000ece00000)
  to   space 37888K, 0% used [0x00000000efd80000,0x00000000efd80000,0x00000000f2280000)
 ParOldGen       total 116224K, used 58977K [0x00000000a0000000, 0x00000000a7180000, 0x00000000e0000000)
  object space 116224K, 50% used [0x00000000a0000000,0x00000000a3998788,0x00000000a7180000)
 Metaspace       used 63773K, capacity 65522K, committed 65704K, reserved 1105920K
  class space    used 8120K, capacity 8501K, committed 8624K, reserved 1048576K
Event: 92.314 GC heap after
Heap after GC invocations=23 (full 3):
 PSYoungGen      total 244736K, used 37883K [0x00000000e0000000, 0x00000000f4b00000, 0x0000000100000000)
  eden space 206848K, 0% used [0x00000000e0000000,0x00000000e0000000,0x00000000eca00000)
  from space 37888K, 99% used [0x00000000efd80000,0x00000000f227ec60,0x00000000f2280000)
  to   space 52736K, 0% used [0x00000000eca00000,0x00000000eca00000,0x00000000efd80000)
 ParOldGen       total 116224K, used 81963K [0x00000000a0000000, 0x00000000a7180000, 0x00000000e0000000)
  object space 116224K, 70% used [0x00000000a0000000,0x00000000a500acf8,0x00000000a7180000)
 Metaspace       used 63773K, capacity 65522K, committed 65704K, reserved 1105920K
  class space    used 8120K, capacity 8501K, committed 8624K, reserved 1048576K
}
Event: 94.719 GC heap before
{Heap before GC invocations=24 (full 3):
 PSYoungGen      total 244736K, used 244731K [0x00000000e0000000, 0x00000000f4b00000, 0x0000000100000000)
  eden space 206848K, 100% used [0x00000000e0000000,0x00000000eca00000,0x00000000eca00000)
  from space 37888K, 99% used [0x00000000efd80000,0x00000000f227ec60,0x00000000f2280000)
  to   space 52736K, 0% used [0x00000000eca00000,0x00000000eca00000,0x00000000efd80000)
 ParOldGen       total 116224K, used 81963K [0x00000000a0000000, 0x00000000a7180000, 0x00000000e0000000)
  object space 116224K, 70% used [0x00000000a0000000,0x00000000a500acf8,0x00000000a7180000)
 Metaspace       used 63826K, capacity 65586K, committed 65960K, reserved 1105920K
  class space    used 8122K, capacity 8501K, committed 8624K, reserved 1048576K
Event: 94.941 GC heap after
Heap after GC invocations=24 (full 3):
 PSYoungGen      total 259584K, used 52706K [0x00000000e0000000, 0x00000000f8800000, 0x0000000100000000)
  eden space 206848K, 0% used [0x00000000e0000000,0x00000000e0000000,0x00000000eca00000)
  from space 52736K, 99% used [0x00000000eca00000,0x00000000efd78b18,0x00000000efd80000)
  to   space 66048K, 0% used [0x00000000f4780000,0x00000000f4780000,0x00000000f8800000)
 ParOldGen       total 116224K, used 94143K [0x00000000a0000000, 0x00000000a7180000, 0x00000000e0000000)
  object space 116224K, 81% used [0x00000000a0000000,0x00000000a5befcf0,0x00000000a7180000)
 Metaspace       used 63826K, capacity 65586K, committed 65960K, reserved 1105920K
  class space    used 8122K, capacity 8501K, committed 8624K, reserved 1048576K
}
Event: 97.748 GC heap before
{Heap before GC invocations=25 (full 3):
 PSYoungGen      total 259584K, used 259554K [0x00000000e0000000, 0x00000000f8800000, 0x0000000100000000)
  eden space 206848K, 100% used [0x00000000e0000000,0x00000000eca00000,0x00000000eca00000)
  from space 52736K, 99% used [0x00000000eca00000,0x00000000efd78b18,0x00000000efd80000)
  to   space 66048K, 0% used [0x00000000f4780000,0x00000000f4780000,0x00000000f8800000)
 ParOldGen       total 116224K, used 94143K [0x00000000a0000000, 0x00000000a7180000, 0x00000000e0000000)
  object space 116224K, 81% used [0x00000000a0000000,0x00000000a5befcf0,0x00000000a7180000)
 Metaspace       used 63887K, capacity 65650K, committed 65960K, reserved 1105920K
  class space    used 8122K, capacity 8501K, committed 8624K, reserved 1048576K
Event: 98.100 GC heap after
Heap after GC invocations=25 (full 3):
 PSYoungGen      total 330752K, used 47882K [0x00000000e0000000, 0x00000000f9580000, 0x0000000100000000)
  eden space 264704K, 0% used [0x00000000e0000000,0x00000000e0000000,0x00000000f0280000)
  from space 66048K, 72% used [0x00000000f4780000,0x00000000f7642a38,0x00000000f8800000)
  to   space 70656K, 0% used [0x00000000f0280000,0x00000000f0280000,0x00000000f4780000)
 ParOldGen       total 116224K, used 99361K [0x00000000a0000000, 0x00000000a7180000, 0x00000000e0000000)
  object space 116224K, 85% used [0x00000000a0000000,0x00000000a61087d0,0x00000000a7180000)
 Metaspace       used 63887K, capacity 65650K, committed 65960K, reserved 1105920K
  class space    used 8122K, capacity 8501K, committed 8624K, reserved 1048576K
}
Event: 98.105 GC heap before
{Heap before GC invocations=26 (full 4):
 PSYoungGen      total 330752K, used 47882K [0x00000000e0000000, 0x00000000f9580000, 0x0000000100000000)
  eden space 264704K, 0% used [0x00000000e0000000,0x00000000e0000000,0x00000000f0280000)
  from space 66048K, 72% used [0x00000000f4780000,0x00000000f7642a38,0x00000000f8800000)
  to   space 70656K, 0% used [0x00000000f0280000,0x00000000f0280000,0x00000000f4780000)
 ParOldGen       total 116224K, used 99361K [0x00000000a0000000, 0x00000000a7180000, 0x00000000e0000000)
  object space 116224K, 85% used [0x00000000a0000000,0x00000000a61087d0,0x00000000a7180000)
 Metaspace       used 63887K, capacity 65650K, committed 65960K, reserved 1105920K
  class space    used 8122K, capacity 8501K, committed 8624K, reserved 1048576K
Event: 99.896 GC heap after
Heap after GC invocations=26 (full 4):
 PSYoungGen      total 330752K, used 0K [0x00000000e0000000, 0x00000000f9580000, 0x0000000100000000)
  eden space 264704K, 0% used [0x00000000e0000000,0x00000000e0000000,0x00000000f0280000)
  from space 66048K, 0% used [0x00000000f4780000,0x00000000f4780000,0x00000000f8800000)
  to   space 70656K, 0% used [0x00000000f0280000,0x00000000f0280000,0x00000000f4780000)
 ParOldGen       total 116224K, used 80453K [0x00000000a0000000, 0x00000000a7180000, 0x00000000e0000000)
  object space 116224K, 69% used [0x00000000a0000000,0x00000000a4e91758,0x00000000a7180000)
 Metaspace       used 63874K, capacity 65612K, committed 65960K, reserved 1105920K
  class space    used 8118K, capacity 8494K, committed 8624K, reserved 1048576K
}

